{"total": {"lines":{"total":16661,"covered":13872,"skipped":0,"pct":83.26},"statements":{"total":16661,"covered":13872,"skipped":0,"pct":83.26},"functions":{"total":0,"covered":0,"skipped":0,"pct":100},"branches":{"total":0,"covered":0,"skipped":0,"pct":100},"branchesTrue":{"total":0,"covered":0,"skipped":0,"pct":"Unknown"}}
,"no-map/AccountBatchPrimaryRetailStore": {"lines":{"total":27,"covered":25,"skipped":0,"pct":92.59},"functions":{"total":0,"covered":0,"skipped":0,"pct":100},"statements":{"total":27,"covered":25,"skipped":0,"pct":92.59},"branches":{"total":0,"covered":0,"skipped":0,"pct":100}}
,"no-map/AccountContactRelationSelector": {"lines":{"total":8,"covered":8,"skipped":0,"pct":100},"functions":{"total":0,"covered":0,"skipped":0,"pct":100},"statements":{"total":8,"covered":8,"skipped":0,"pct":100},"branches":{"total":0,"covered":0,"skipped":0,"pct":100}}
,"no-map/AccountController": {"lines":{"total":27,"covered":25,"skipped":0,"pct":92.59},"functions":{"total":0,"covered":0,"skipped":0,"pct":100},"statements":{"total":27,"covered":25,"skipped":0,"pct":92.59},"branches":{"total":0,"covered":0,"skipped":0,"pct":100}}
,"no-map/AccountCustomerTypeBatch": {"lines":{"total":35,"covered":24,"skipped":0,"pct":68.57},"functions":{"total":0,"covered":0,"skipped":0,"pct":100},"statements":{"total":35,"covered":24,"skipped":0,"pct":68.57},"branches":{"total":0,"covered":0,"skipped":0,"pct":100}}
,"no-map/AccountHistoryToCpBatch": {"lines":{"total":37,"covered":30,"skipped":0,"pct":81.08},"functions":{"total":0,"covered":0,"skipped":0,"pct":100},"statements":{"total":37,"covered":30,"skipped":0,"pct":81.08},"branches":{"total":0,"covered":0,"skipped":0,"pct":100}}
,"no-map/AccountManageBuyerAccountBatch": {"lines":{"total":29,"covered":21,"skipped":0,"pct":72.41},"functions":{"total":0,"covered":0,"skipped":0,"pct":100},"statements":{"total":29,"covered":21,"skipped":0,"pct":72.41},"branches":{"total":0,"covered":0,"skipped":0,"pct":100}}
,"no-map/AccountNameBatch": {"lines":{"total":32,"covered":29,"skipped":0,"pct":90.62},"functions":{"total":0,"covered":0,"skipped":0,"pct":100},"statements":{"total":32,"covered":29,"skipped":0,"pct":90.62},"branches":{"total":0,"covered":0,"skipped":0,"pct":100}}
,"no-map/AccountSelector": {"lines":{"total":147,"covered":139,"skipped":0,"pct":94.55},"functions":{"total":0,"covered":0,"skipped":0,"pct":100},"statements":{"total":147,"covered":139,"skipped":0,"pct":94.55},"branches":{"total":0,"covered":0,"skipped":0,"pct":100}}
,"no-map/AccountSelectorWithoutSharing": {"lines":{"total":5,"covered":5,"skipped":0,"pct":100},"functions":{"total":0,"covered":0,"skipped":0,"pct":100},"statements":{"total":5,"covered":5,"skipped":0,"pct":100},"branches":{"total":0,"covered":0,"skipped":0,"pct":100}}
,"no-map/AccountService": {"lines":{"total":248,"covered":220,"skipped":0,"pct":88.7},"functions":{"total":0,"covered":0,"skipped":0,"pct":100},"statements":{"total":248,"covered":220,"skipped":0,"pct":88.7},"branches":{"total":0,"covered":0,"skipped":0,"pct":100}}
,"no-map/AccountShareService": {"lines":{"total":65,"covered":54,"skipped":0,"pct":83.07},"functions":{"total":0,"covered":0,"skipped":0,"pct":100},"statements":{"total":65,"covered":54,"skipped":0,"pct":83.07},"branches":{"total":0,"covered":0,"skipped":0,"pct":100}}
,"no-map/AccountTrigger": {"lines":{"total":1,"covered":1,"skipped":0,"pct":100},"functions":{"total":0,"covered":0,"skipped":0,"pct":100},"statements":{"total":1,"covered":1,"skipped":0,"pct":100},"branches":{"total":0,"covered":0,"skipped":0,"pct":100}}
,"no-map/AccountTriggerHandler": {"lines":{"total":260,"covered":189,"skipped":0,"pct":72.69},"functions":{"total":0,"covered":0,"skipped":0,"pct":100},"statements":{"total":260,"covered":189,"skipped":0,"pct":72.69},"branches":{"total":0,"covered":0,"skipped":0,"pct":100}}
,"no-map/ActionPlanSelector": {"lines":{"total":4,"covered":4,"skipped":0,"pct":100},"functions":{"total":0,"covered":0,"skipped":0,"pct":100},"statements":{"total":4,"covered":4,"skipped":0,"pct":100},"branches":{"total":0,"covered":0,"skipped":0,"pct":100}}
,"no-map/ActionPlanService": {"lines":{"total":17,"covered":17,"skipped":0,"pct":100},"functions":{"total":0,"covered":0,"skipped":0,"pct":100},"statements":{"total":17,"covered":17,"skipped":0,"pct":100},"branches":{"total":0,"covered":0,"skipped":0,"pct":100}}
,"no-map/ActionPlanTemplateVersionSelector": {"lines":{"total":8,"covered":8,"skipped":0,"pct":100},"functions":{"total":0,"covered":0,"skipped":0,"pct":100},"statements":{"total":8,"covered":8,"skipped":0,"pct":100},"branches":{"total":0,"covered":0,"skipped":0,"pct":100}}
,"no-map/ActionPlanTrigger": {"lines":{"total":2,"covered":2,"skipped":0,"pct":100},"functions":{"total":0,"covered":0,"skipped":0,"pct":100},"statements":{"total":2,"covered":2,"skipped":0,"pct":100},"branches":{"total":0,"covered":0,"skipped":0,"pct":100}}
,"no-map/ActionPlanTriggerHandler": {"lines":{"total":14,"covered":11,"skipped":0,"pct":78.57},"functions":{"total":0,"covered":0,"skipped":0,"pct":100},"statements":{"total":14,"covered":11,"skipped":0,"pct":78.57},"branches":{"total":0,"covered":0,"skipped":0,"pct":100}}
,"no-map/AdvancedOrder": {"lines":{"total":2,"covered":2,"skipped":0,"pct":100},"functions":{"total":0,"covered":0,"skipped":0,"pct":100},"statements":{"total":2,"covered":2,"skipped":0,"pct":100},"branches":{"total":0,"covered":0,"skipped":0,"pct":100}}
,"no-map/AdvancedOrderItemSelector": {"lines":{"total":14,"covered":14,"skipped":0,"pct":100},"functions":{"total":0,"covered":0,"skipped":0,"pct":100},"statements":{"total":14,"covered":14,"skipped":0,"pct":100},"branches":{"total":0,"covered":0,"skipped":0,"pct":100}}
,"no-map/AdvancedOrderSelector": {"lines":{"total":8,"covered":8,"skipped":0,"pct":100},"functions":{"total":0,"covered":0,"skipped":0,"pct":100},"statements":{"total":8,"covered":8,"skipped":0,"pct":100},"branches":{"total":0,"covered":0,"skipped":0,"pct":100}}
,"no-map/AdvancedOrderService": {"lines":{"total":327,"covered":264,"skipped":0,"pct":80.73},"functions":{"total":0,"covered":0,"skipped":0,"pct":100},"statements":{"total":327,"covered":264,"skipped":0,"pct":80.73},"branches":{"total":0,"covered":0,"skipped":0,"pct":100}}
,"no-map/AdvancedOrderTriggerHandler": {"lines":{"total":26,"covered":20,"skipped":0,"pct":76.92},"functions":{"total":0,"covered":0,"skipped":0,"pct":100},"statements":{"total":26,"covered":20,"skipped":0,"pct":76.92},"branches":{"total":0,"covered":0,"skipped":0,"pct":100}}
,"no-map/AssessmentTaskOwnershipSyncBatch": {"lines":{"total":58,"covered":54,"skipped":0,"pct":93.1},"functions":{"total":0,"covered":0,"skipped":0,"pct":100},"statements":{"total":58,"covered":54,"skipped":0,"pct":93.1},"branches":{"total":0,"covered":0,"skipped":0,"pct":100}}
,"no-map/AssessmentTaskSelector": {"lines":{"total":43,"covered":34,"skipped":0,"pct":79.06},"functions":{"total":0,"covered":0,"skipped":0,"pct":100},"statements":{"total":43,"covered":34,"skipped":0,"pct":79.06},"branches":{"total":0,"covered":0,"skipped":0,"pct":100}}
,"no-map/AssessmentTaskService": {"lines":{"total":52,"covered":26,"skipped":0,"pct":50},"functions":{"total":0,"covered":0,"skipped":0,"pct":100},"statements":{"total":52,"covered":26,"skipped":0,"pct":50},"branches":{"total":0,"covered":0,"skipped":0,"pct":100}}
,"no-map/B2BContactInfoController": {"lines":{"total":22,"covered":19,"skipped":0,"pct":86.36},"functions":{"total":0,"covered":0,"skipped":0,"pct":100},"statements":{"total":22,"covered":19,"skipped":0,"pct":86.36},"branches":{"total":0,"covered":0,"skipped":0,"pct":100}}
,"no-map/B2BMicroChainFlowController": {"lines":{"total":11,"covered":11,"skipped":0,"pct":100},"functions":{"total":0,"covered":0,"skipped":0,"pct":100},"statements":{"total":11,"covered":11,"skipped":0,"pct":100},"branches":{"total":0,"covered":0,"skipped":0,"pct":100}}
,"no-map/B2BPreferencesController": {"lines":{"total":62,"covered":55,"skipped":0,"pct":88.7},"functions":{"total":0,"covered":0,"skipped":0,"pct":100},"statements":{"total":62,"covered":55,"skipped":0,"pct":88.7},"branches":{"total":0,"covered":0,"skipped":0,"pct":100}}
,"no-map/B2bCartBackToProductListController": {"lines":{"total":3,"covered":3,"skipped":0,"pct":100},"functions":{"total":0,"covered":0,"skipped":0,"pct":100},"statements":{"total":3,"covered":3,"skipped":0,"pct":100},"branches":{"total":0,"covered":0,"skipped":0,"pct":100}}
,"no-map/B2bCartClearAllController": {"lines":{"total":2,"covered":2,"skipped":0,"pct":100},"functions":{"total":0,"covered":0,"skipped":0,"pct":100},"statements":{"total":2,"covered":2,"skipped":0,"pct":100},"branches":{"total":0,"covered":0,"skipped":0,"pct":100}}
,"no-map/B2bCartContainerController": {"lines":{"total":41,"covered":39,"skipped":0,"pct":95.12},"functions":{"total":0,"covered":0,"skipped":0,"pct":100},"statements":{"total":41,"covered":39,"skipped":0,"pct":95.12},"branches":{"total":0,"covered":0,"skipped":0,"pct":100}}
,"no-map/B2bCartItemLineController": {"lines":{"total":6,"covered":6,"skipped":0,"pct":100},"functions":{"total":0,"covered":0,"skipped":0,"pct":100},"statements":{"total":6,"covered":6,"skipped":0,"pct":100},"branches":{"total":0,"covered":0,"skipped":0,"pct":100}}
,"no-map/B2bCockpitOverviewController": {"lines":{"total":9,"covered":9,"skipped":0,"pct":100},"functions":{"total":0,"covered":0,"skipped":0,"pct":100},"statements":{"total":9,"covered":9,"skipped":0,"pct":100},"branches":{"total":0,"covered":0,"skipped":0,"pct":100}}
,"no-map/B2bCommunityBaseUrl": {"lines":{"total":4,"covered":4,"skipped":0,"pct":100},"functions":{"total":0,"covered":0,"skipped":0,"pct":100},"statements":{"total":4,"covered":4,"skipped":0,"pct":100},"branches":{"total":0,"covered":0,"skipped":0,"pct":100}}
,"no-map/B2bCreateSecondaryWebCartAction": {"lines":{"total":11,"covered":11,"skipped":0,"pct":100},"functions":{"total":0,"covered":0,"skipped":0,"pct":100},"statements":{"total":11,"covered":11,"skipped":0,"pct":100},"branches":{"total":0,"covered":0,"skipped":0,"pct":100}}
,"no-map/B2bCreateSiteUser": {"lines":{"total":17,"covered":17,"skipped":0,"pct":100},"functions":{"total":0,"covered":0,"skipped":0,"pct":100},"statements":{"total":17,"covered":17,"skipped":0,"pct":100},"branches":{"total":0,"covered":0,"skipped":0,"pct":100}}
,"no-map/B2bExternalUserFactory": {"lines":{"total":42,"covered":41,"skipped":0,"pct":97.61},"functions":{"total":0,"covered":0,"skipped":0,"pct":100},"statements":{"total":42,"covered":41,"skipped":0,"pct":97.61},"branches":{"total":0,"covered":0,"skipped":0,"pct":100}}
,"no-map/B2bGetRelatedRetailStoresErpIds": {"lines":{"total":9,"covered":9,"skipped":0,"pct":100},"functions":{"total":0,"covered":0,"skipped":0,"pct":100},"statements":{"total":9,"covered":9,"skipped":0,"pct":100},"branches":{"total":0,"covered":0,"skipped":0,"pct":100}}
,"no-map/B2bMyInvoicesController": {"lines":{"total":101,"covered":92,"skipped":0,"pct":91.08},"functions":{"total":0,"covered":0,"skipped":0,"pct":100},"statements":{"total":101,"covered":92,"skipped":0,"pct":91.08},"branches":{"total":0,"covered":0,"skipped":0,"pct":100}}
,"no-map/B2bPortalVideoController": {"lines":{"total":14,"covered":14,"skipped":0,"pct":100},"functions":{"total":0,"covered":0,"skipped":0,"pct":100},"statements":{"total":14,"covered":14,"skipped":0,"pct":100},"branches":{"total":0,"covered":0,"skipped":0,"pct":100}}
,"no-map/B2bQuantitySelectorController": {"lines":{"total":2,"covered":2,"skipped":0,"pct":100},"functions":{"total":0,"covered":0,"skipped":0,"pct":100},"statements":{"total":2,"covered":2,"skipped":0,"pct":100},"branches":{"total":0,"covered":0,"skipped":0,"pct":100}}
,"no-map/B2bReOrderAction": {"lines":{"total":68,"covered":68,"skipped":0,"pct":100},"functions":{"total":0,"covered":0,"skipped":0,"pct":100},"statements":{"total":68,"covered":68,"skipped":0,"pct":100},"branches":{"total":0,"covered":0,"skipped":0,"pct":100}}
,"no-map/B2bSimilarProductsController": {"lines":{"total":131,"covered":121,"skipped":0,"pct":92.36},"functions":{"total":0,"covered":0,"skipped":0,"pct":100},"statements":{"total":131,"covered":121,"skipped":0,"pct":92.36},"branches":{"total":0,"covered":0,"skipped":0,"pct":100}}
,"no-map/B2bUpcomingOrdersListController": {"lines":{"total":155,"covered":145,"skipped":0,"pct":93.54},"functions":{"total":0,"covered":0,"skipped":0,"pct":100},"statements":{"total":155,"covered":145,"skipped":0,"pct":93.54},"branches":{"total":0,"covered":0,"skipped":0,"pct":100}}
,"no-map/B2bWishListController": {"lines":{"total":4,"covered":4,"skipped":0,"pct":100},"functions":{"total":0,"covered":0,"skipped":0,"pct":100},"statements":{"total":4,"covered":4,"skipped":0,"pct":100},"branches":{"total":0,"covered":0,"skipped":0,"pct":100}}
,"no-map/BenefitParticipantService": {"lines":{"total":77,"covered":62,"skipped":0,"pct":80.51},"functions":{"total":0,"covered":0,"skipped":0,"pct":100},"statements":{"total":77,"covered":62,"skipped":0,"pct":80.51},"branches":{"total":0,"covered":0,"skipped":0,"pct":100}}
,"no-map/BenefitParticipantTrigger": {"lines":{"total":3,"covered":2,"skipped":0,"pct":66.66},"functions":{"total":0,"covered":0,"skipped":0,"pct":100},"statements":{"total":3,"covered":2,"skipped":0,"pct":66.66},"branches":{"total":0,"covered":0,"skipped":0,"pct":100}}
,"no-map/BenefitParticipantTriggerHandler": {"lines":{"total":18,"covered":15,"skipped":0,"pct":83.33},"functions":{"total":0,"covered":0,"skipped":0,"pct":100},"statements":{"total":18,"covered":15,"skipped":0,"pct":83.33},"branches":{"total":0,"covered":0,"skipped":0,"pct":100}}
,"no-map/BenefitSelector": {"lines":{"total":13,"covered":13,"skipped":0,"pct":100},"functions":{"total":0,"covered":0,"skipped":0,"pct":100},"statements":{"total":13,"covered":13,"skipped":0,"pct":100},"branches":{"total":0,"covered":0,"skipped":0,"pct":100}}
,"no-map/BenefitService": {"lines":{"total":13,"covered":13,"skipped":0,"pct":100},"functions":{"total":0,"covered":0,"skipped":0,"pct":100},"statements":{"total":13,"covered":13,"skipped":0,"pct":100},"branches":{"total":0,"covered":0,"skipped":0,"pct":100}}
,"no-map/BenefitTrigger": {"lines":{"total":3,"covered":2,"skipped":0,"pct":66.66},"functions":{"total":0,"covered":0,"skipped":0,"pct":100},"statements":{"total":3,"covered":2,"skipped":0,"pct":66.66},"branches":{"total":0,"covered":0,"skipped":0,"pct":100}}
,"no-map/BenefitTriggerHandler": {"lines":{"total":22,"covered":16,"skipped":0,"pct":72.72},"functions":{"total":0,"covered":0,"skipped":0,"pct":100},"statements":{"total":22,"covered":16,"skipped":0,"pct":72.72},"branches":{"total":0,"covered":0,"skipped":0,"pct":100}}
,"no-map/BillingDocument": {"lines":{"total":2,"covered":2,"skipped":0,"pct":100},"functions":{"total":0,"covered":0,"skipped":0,"pct":100},"statements":{"total":2,"covered":2,"skipped":0,"pct":100},"branches":{"total":0,"covered":0,"skipped":0,"pct":100}}
,"no-map/BillingDocumentController": {"lines":{"total":13,"covered":9,"skipped":0,"pct":69.23},"functions":{"total":0,"covered":0,"skipped":0,"pct":100},"statements":{"total":13,"covered":9,"skipped":0,"pct":69.23},"branches":{"total":0,"covered":0,"skipped":0,"pct":100}}
,"no-map/BillingDocumentSelector": {"lines":{"total":11,"covered":11,"skipped":0,"pct":100},"functions":{"total":0,"covered":0,"skipped":0,"pct":100},"statements":{"total":11,"covered":11,"skipped":0,"pct":100},"branches":{"total":0,"covered":0,"skipped":0,"pct":100}}
,"no-map/BillingDocumentTriggerHandler": {"lines":{"total":18,"covered":15,"skipped":0,"pct":83.33},"functions":{"total":0,"covered":0,"skipped":0,"pct":100},"statements":{"total":18,"covered":15,"skipped":0,"pct":83.33},"branches":{"total":0,"covered":0,"skipped":0,"pct":100}}
,"no-map/BillingDocument_PDF_WS": {"lines":{"total":90,"covered":78,"skipped":0,"pct":86.66},"functions":{"total":0,"covered":0,"skipped":0,"pct":100},"statements":{"total":90,"covered":78,"skipped":0,"pct":86.66},"branches":{"total":0,"covered":0,"skipped":0,"pct":100}}
,"no-map/BrickSelector": {"lines":{"total":7,"covered":7,"skipped":0,"pct":100},"functions":{"total":0,"covered":0,"skipped":0,"pct":100},"statements":{"total":7,"covered":7,"skipped":0,"pct":100},"branches":{"total":0,"covered":0,"skipped":0,"pct":100}}
,"no-map/BusinessHoursSelector": {"lines":{"total":4,"covered":4,"skipped":0,"pct":100},"functions":{"total":0,"covered":0,"skipped":0,"pct":100},"statements":{"total":4,"covered":4,"skipped":0,"pct":100},"branches":{"total":0,"covered":0,"skipped":0,"pct":100}}
,"no-map/BuyerGroupSelector": {"lines":{"total":16,"covered":16,"skipped":0,"pct":100},"functions":{"total":0,"covered":0,"skipped":0,"pct":100},"statements":{"total":16,"covered":16,"skipped":0,"pct":100},"branches":{"total":0,"covered":0,"skipped":0,"pct":100}}
,"no-map/CartCheckoutSessionSelector": {"lines":{"total":5,"covered":5,"skipped":0,"pct":100},"functions":{"total":0,"covered":0,"skipped":0,"pct":100},"statements":{"total":5,"covered":5,"skipped":0,"pct":100},"branches":{"total":0,"covered":0,"skipped":0,"pct":100}}
,"no-map/CartDeliveryGroupSelector": {"lines":{"total":5,"covered":5,"skipped":0,"pct":100},"functions":{"total":0,"covered":0,"skipped":0,"pct":100},"statements":{"total":5,"covered":5,"skipped":0,"pct":100},"branches":{"total":0,"covered":0,"skipped":0,"pct":100}}
,"no-map/CartItemSplitBatchCartItem": {"lines":{"total":34,"covered":32,"skipped":0,"pct":94.11},"functions":{"total":0,"covered":0,"skipped":0,"pct":100},"statements":{"total":34,"covered":32,"skipped":0,"pct":94.11},"branches":{"total":0,"covered":0,"skipped":0,"pct":100}}
,"no-map/CartItemSplitSelector": {"lines":{"total":55,"covered":54,"skipped":0,"pct":98.18},"functions":{"total":0,"covered":0,"skipped":0,"pct":100},"statements":{"total":55,"covered":54,"skipped":0,"pct":98.18},"branches":{"total":0,"covered":0,"skipped":0,"pct":100}}
,"no-map/CartItemsSelector": {"lines":{"total":100,"covered":100,"skipped":0,"pct":100},"functions":{"total":0,"covered":0,"skipped":0,"pct":100},"statements":{"total":100,"covered":100,"skipped":0,"pct":100},"branches":{"total":0,"covered":0,"skipped":0,"pct":100}}
,"no-map/CartSelector": {"lines":{"total":86,"covered":75,"skipped":0,"pct":87.2},"functions":{"total":0,"covered":0,"skipped":0,"pct":100},"statements":{"total":86,"covered":75,"skipped":0,"pct":87.2},"branches":{"total":0,"covered":0,"skipped":0,"pct":100}}
,"no-map/CartService": {"lines":{"total":41,"covered":38,"skipped":0,"pct":92.68},"functions":{"total":0,"covered":0,"skipped":0,"pct":100},"statements":{"total":41,"covered":38,"skipped":0,"pct":92.68},"branches":{"total":0,"covered":0,"skipped":0,"pct":100}}
,"no-map/CaseController": {"lines":{"total":7,"covered":5,"skipped":0,"pct":71.42},"functions":{"total":0,"covered":0,"skipped":0,"pct":100},"statements":{"total":7,"covered":5,"skipped":0,"pct":71.42},"branches":{"total":0,"covered":0,"skipped":0,"pct":100}}
,"no-map/CaseProductSelector": {"lines":{"total":7,"covered":7,"skipped":0,"pct":100},"functions":{"total":0,"covered":0,"skipped":0,"pct":100},"statements":{"total":7,"covered":7,"skipped":0,"pct":100},"branches":{"total":0,"covered":0,"skipped":0,"pct":100}}
,"no-map/CaseSelector": {"lines":{"total":19,"covered":19,"skipped":0,"pct":100},"functions":{"total":0,"covered":0,"skipped":0,"pct":100},"statements":{"total":19,"covered":19,"skipped":0,"pct":100},"branches":{"total":0,"covered":0,"skipped":0,"pct":100}}
,"no-map/CaseService": {"lines":{"total":101,"covered":93,"skipped":0,"pct":92.07},"functions":{"total":0,"covered":0,"skipped":0,"pct":100},"statements":{"total":101,"covered":93,"skipped":0,"pct":92.07},"branches":{"total":0,"covered":0,"skipped":0,"pct":100}}
,"no-map/CaseTrigger": {"lines":{"total":2,"covered":2,"skipped":0,"pct":100},"functions":{"total":0,"covered":0,"skipped":0,"pct":100},"statements":{"total":2,"covered":2,"skipped":0,"pct":100},"branches":{"total":0,"covered":0,"skipped":0,"pct":100}}
,"no-map/CaseTriggerHandler": {"lines":{"total":69,"covered":43,"skipped":0,"pct":62.31},"functions":{"total":0,"covered":0,"skipped":0,"pct":100},"statements":{"total":69,"covered":43,"skipped":0,"pct":62.31},"branches":{"total":0,"covered":0,"skipped":0,"pct":100}}
,"no-map/CgOfflineProductMetadataQueue": {"lines":{"total":87,"covered":81,"skipped":0,"pct":93.1},"functions":{"total":0,"covered":0,"skipped":0,"pct":100},"statements":{"total":87,"covered":81,"skipped":0,"pct":93.1},"branches":{"total":0,"covered":0,"skipped":0,"pct":100}}
,"no-map/CgSyncHistorySelector": {"lines":{"total":22,"covered":11,"skipped":0,"pct":50},"functions":{"total":0,"covered":0,"skipped":0,"pct":100},"statements":{"total":22,"covered":11,"skipped":0,"pct":50},"branches":{"total":0,"covered":0,"skipped":0,"pct":100}}
,"no-map/CgUtils": {"lines":{"total":145,"covered":136,"skipped":0,"pct":93.79},"functions":{"total":0,"covered":0,"skipped":0,"pct":100},"statements":{"total":145,"covered":136,"skipped":0,"pct":93.79},"branches":{"total":0,"covered":0,"skipped":0,"pct":100}}
,"no-map/CgVisitActionController": {"lines":{"total":28,"covered":24,"skipped":0,"pct":85.71},"functions":{"total":0,"covered":0,"skipped":0,"pct":100},"statements":{"total":28,"covered":24,"skipped":0,"pct":85.71},"branches":{"total":0,"covered":0,"skipped":0,"pct":100}}
,"no-map/CgcloudSalesOrganizationSelector": {"lines":{"total":4,"covered":4,"skipped":0,"pct":100},"functions":{"total":0,"covered":0,"skipped":0,"pct":100},"statements":{"total":4,"covered":4,"skipped":0,"pct":100},"branches":{"total":0,"covered":0,"skipped":0,"pct":100}}
,"no-map/ChangePasswordController": {"lines":{"total":6,"covered":6,"skipped":0,"pct":100},"functions":{"total":0,"covered":0,"skipped":0,"pct":100},"statements":{"total":6,"covered":6,"skipped":0,"pct":100},"branches":{"total":0,"covered":0,"skipped":0,"pct":100}}
,"no-map/CollaborationGroupSelector": {"lines":{"total":20,"covered":20,"skipped":0,"pct":100},"functions":{"total":0,"covered":0,"skipped":0,"pct":100},"statements":{"total":20,"covered":20,"skipped":0,"pct":100},"branches":{"total":0,"covered":0,"skipped":0,"pct":100}}
,"no-map/CollaborationGroupService": {"lines":{"total":62,"covered":57,"skipped":0,"pct":91.93},"functions":{"total":0,"covered":0,"skipped":0,"pct":100},"statements":{"total":62,"covered":57,"skipped":0,"pct":91.93},"branches":{"total":0,"covered":0,"skipped":0,"pct":100}}
,"no-map/CommerceApi": {"lines":{"total":60,"covered":30,"skipped":0,"pct":50},"functions":{"total":0,"covered":0,"skipped":0,"pct":100},"statements":{"total":60,"covered":30,"skipped":0,"pct":50},"branches":{"total":0,"covered":0,"skipped":0,"pct":100}}
,"no-map/CommerceConstants": {"lines":{"total":103,"covered":103,"skipped":0,"pct":100},"functions":{"total":0,"covered":0,"skipped":0,"pct":100},"statements":{"total":103,"covered":103,"skipped":0,"pct":100},"branches":{"total":0,"covered":0,"skipped":0,"pct":100}}
,"no-map/CommerceEntitlementSelector": {"lines":{"total":11,"covered":11,"skipped":0,"pct":100},"functions":{"total":0,"covered":0,"skipped":0,"pct":100},"statements":{"total":11,"covered":11,"skipped":0,"pct":100},"branches":{"total":0,"covered":0,"skipped":0,"pct":100}}
,"no-map/CommerceProductUtils": {"lines":{"total":148,"covered":123,"skipped":0,"pct":83.1},"functions":{"total":0,"covered":0,"skipped":0,"pct":100},"statements":{"total":148,"covered":123,"skipped":0,"pct":83.1},"branches":{"total":0,"covered":0,"skipped":0,"pct":100}}
,"no-map/CommerceProxy": {"lines":{"total":55,"covered":48,"skipped":0,"pct":87.27},"functions":{"total":0,"covered":0,"skipped":0,"pct":100},"statements":{"total":55,"covered":48,"skipped":0,"pct":87.27},"branches":{"total":0,"covered":0,"skipped":0,"pct":100}}
,"no-map/CommerceSearchIndexBatch": {"lines":{"total":47,"covered":25,"skipped":0,"pct":53.19},"functions":{"total":0,"covered":0,"skipped":0,"pct":100},"statements":{"total":47,"covered":25,"skipped":0,"pct":53.19},"branches":{"total":0,"covered":0,"skipped":0,"pct":100}}
,"no-map/CommerceTestDataFactory": {"lines":{"total":486,"covered":474,"skipped":0,"pct":97.53},"functions":{"total":0,"covered":0,"skipped":0,"pct":100},"statements":{"total":486,"covered":474,"skipped":0,"pct":97.53},"branches":{"total":0,"covered":0,"skipped":0,"pct":100}}
,"no-map/CommerceUtils": {"lines":{"total":104,"covered":91,"skipped":0,"pct":87.5},"functions":{"total":0,"covered":0,"skipped":0,"pct":100},"statements":{"total":104,"covered":91,"skipped":0,"pct":87.5},"branches":{"total":0,"covered":0,"skipped":0,"pct":100}}
,"no-map/CommerceUtilsHelper": {"lines":{"total":150,"covered":131,"skipped":0,"pct":87.33},"functions":{"total":0,"covered":0,"skipped":0,"pct":100},"statements":{"total":150,"covered":131,"skipped":0,"pct":87.33},"branches":{"total":0,"covered":0,"skipped":0,"pct":100}}
,"no-map/CommunitiesLandingController": {"lines":{"total":3,"covered":3,"skipped":0,"pct":100},"functions":{"total":0,"covered":0,"skipped":0,"pct":100},"statements":{"total":3,"covered":3,"skipped":0,"pct":100},"branches":{"total":0,"covered":0,"skipped":0,"pct":100}}
,"no-map/CommunitiesLoginController": {"lines":{"total":5,"covered":5,"skipped":0,"pct":100},"functions":{"total":0,"covered":0,"skipped":0,"pct":100},"statements":{"total":5,"covered":5,"skipped":0,"pct":100},"branches":{"total":0,"covered":0,"skipped":0,"pct":100}}
,"no-map/CommunitiesSelfRegConfirmController": {"lines":{"total":1,"covered":1,"skipped":0,"pct":100},"functions":{"total":0,"covered":0,"skipped":0,"pct":100},"statements":{"total":1,"covered":1,"skipped":0,"pct":100},"branches":{"total":0,"covered":0,"skipped":0,"pct":100}}
,"no-map/CommunitiesSelfRegController": {"lines":{"total":55,"covered":45,"skipped":0,"pct":81.81},"functions":{"total":0,"covered":0,"skipped":0,"pct":100},"statements":{"total":55,"covered":45,"skipped":0,"pct":81.81},"branches":{"total":0,"covered":0,"skipped":0,"pct":100}}
,"no-map/ConditionTemplateSelector": {"lines":{"total":4,"covered":4,"skipped":0,"pct":100},"functions":{"total":0,"covered":0,"skipped":0,"pct":100},"statements":{"total":4,"covered":4,"skipped":0,"pct":100},"branches":{"total":0,"covered":0,"skipped":0,"pct":100}}
,"no-map/ConsentOptInOutController": {"lines":{"total":65,"covered":39,"skipped":0,"pct":60},"functions":{"total":0,"covered":0,"skipped":0,"pct":100},"statements":{"total":65,"covered":39,"skipped":0,"pct":60},"branches":{"total":0,"covered":0,"skipped":0,"pct":100}}
,"no-map/ConsentUtils": {"lines":{"total":67,"covered":58,"skipped":0,"pct":86.56},"functions":{"total":0,"covered":0,"skipped":0,"pct":100},"statements":{"total":67,"covered":58,"skipped":0,"pct":86.56},"branches":{"total":0,"covered":0,"skipped":0,"pct":100}}
,"no-map/Constants": {"lines":{"total":0,"covered":0,"skipped":0,"pct":100},"functions":{"total":0,"covered":0,"skipped":0,"pct":100},"statements":{"total":0,"covered":0,"skipped":0,"pct":100},"branches":{"total":0,"covered":0,"skipped":0,"pct":100}}
,"no-map/ContactHistoryToCpBatch": {"lines":{"total":37,"covered":30,"skipped":0,"pct":81.08},"functions":{"total":0,"covered":0,"skipped":0,"pct":100},"statements":{"total":37,"covered":30,"skipped":0,"pct":81.08},"branches":{"total":0,"covered":0,"skipped":0,"pct":100}}
,"no-map/ContactPointAddressSelector": {"lines":{"total":16,"covered":16,"skipped":0,"pct":100},"functions":{"total":0,"covered":0,"skipped":0,"pct":100},"statements":{"total":16,"covered":16,"skipped":0,"pct":100},"branches":{"total":0,"covered":0,"skipped":0,"pct":100}}
,"no-map/ContactPointSelector": {"lines":{"total":61,"covered":39,"skipped":0,"pct":63.93},"functions":{"total":0,"covered":0,"skipped":0,"pct":100},"statements":{"total":61,"covered":39,"skipped":0,"pct":63.93},"branches":{"total":0,"covered":0,"skipped":0,"pct":100}}
,"no-map/ContactPointService": {"lines":{"total":144,"covered":72,"skipped":0,"pct":50},"functions":{"total":0,"covered":0,"skipped":0,"pct":100},"statements":{"total":144,"covered":72,"skipped":0,"pct":50},"branches":{"total":0,"covered":0,"skipped":0,"pct":100}}
,"no-map/ContactPointTypeConsentSelector": {"lines":{"total":18,"covered":15,"skipped":0,"pct":83.33},"functions":{"total":0,"covered":0,"skipped":0,"pct":100},"statements":{"total":18,"covered":15,"skipped":0,"pct":83.33},"branches":{"total":0,"covered":0,"skipped":0,"pct":100}}
,"no-map/ContactPointTypeConsentService": {"lines":{"total":48,"covered":29,"skipped":0,"pct":60.41},"functions":{"total":0,"covered":0,"skipped":0,"pct":100},"statements":{"total":48,"covered":29,"skipped":0,"pct":60.41},"branches":{"total":0,"covered":0,"skipped":0,"pct":100}}
,"no-map/ContactSelector": {"lines":{"total":32,"covered":26,"skipped":0,"pct":81.25},"functions":{"total":0,"covered":0,"skipped":0,"pct":100},"statements":{"total":32,"covered":26,"skipped":0,"pct":81.25},"branches":{"total":0,"covered":0,"skipped":0,"pct":100}}
,"no-map/ContentDocumentLinkBatchContract": {"lines":{"total":40,"covered":36,"skipped":0,"pct":90},"functions":{"total":0,"covered":0,"skipped":0,"pct":100},"statements":{"total":40,"covered":36,"skipped":0,"pct":90},"branches":{"total":0,"covered":0,"skipped":0,"pct":100}}
,"no-map/ContentDocumentLinkSelector": {"lines":{"total":14,"covered":14,"skipped":0,"pct":100},"functions":{"total":0,"covered":0,"skipped":0,"pct":100},"statements":{"total":14,"covered":14,"skipped":0,"pct":100},"branches":{"total":0,"covered":0,"skipped":0,"pct":100}}
,"no-map/ContentVersionSelector": {"lines":{"total":10,"covered":7,"skipped":0,"pct":70},"functions":{"total":0,"covered":0,"skipped":0,"pct":100},"statements":{"total":10,"covered":7,"skipped":0,"pct":70},"branches":{"total":0,"covered":0,"skipped":0,"pct":100}}
,"no-map/ContentVersionService": {"lines":{"total":12,"covered":12,"skipped":0,"pct":100},"functions":{"total":0,"covered":0,"skipped":0,"pct":100},"statements":{"total":12,"covered":12,"skipped":0,"pct":100},"branches":{"total":0,"covered":0,"skipped":0,"pct":100}}
,"no-map/ContractCreationCEPWS": {"lines":{"total":71,"covered":61,"skipped":0,"pct":85.91},"functions":{"total":0,"covered":0,"skipped":0,"pct":100},"statements":{"total":71,"covered":61,"skipped":0,"pct":85.91},"branches":{"total":0,"covered":0,"skipped":0,"pct":100}}
,"no-map/ContractSelector": {"lines":{"total":153,"covered":135,"skipped":0,"pct":88.23},"functions":{"total":0,"covered":0,"skipped":0,"pct":100},"statements":{"total":153,"covered":135,"skipped":0,"pct":88.23},"branches":{"total":0,"covered":0,"skipped":0,"pct":100}}
,"no-map/ContractService": {"lines":{"total":665,"covered":395,"skipped":0,"pct":59.39},"functions":{"total":0,"covered":0,"skipped":0,"pct":100},"statements":{"total":665,"covered":395,"skipped":0,"pct":59.39},"branches":{"total":0,"covered":0,"skipped":0,"pct":100}}
,"no-map/ContractTargetSKUTrigger": {"lines":{"total":2,"covered":2,"skipped":0,"pct":100},"functions":{"total":0,"covered":0,"skipped":0,"pct":100},"statements":{"total":2,"covered":2,"skipped":0,"pct":100},"branches":{"total":0,"covered":0,"skipped":0,"pct":100}}
,"no-map/ContractTargetSKUTriggerHandler": {"lines":{"total":65,"covered":34,"skipped":0,"pct":52.3},"functions":{"total":0,"covered":0,"skipped":0,"pct":100},"statements":{"total":65,"covered":34,"skipped":0,"pct":52.3},"branches":{"total":0,"covered":0,"skipped":0,"pct":100}}
,"no-map/ContractTargetService": {"lines":{"total":33,"covered":22,"skipped":0,"pct":66.66},"functions":{"total":0,"covered":0,"skipped":0,"pct":100},"statements":{"total":33,"covered":22,"skipped":0,"pct":66.66},"branches":{"total":0,"covered":0,"skipped":0,"pct":100}}
,"no-map/ContractTargetTrigger": {"lines":{"total":2,"covered":2,"skipped":0,"pct":100},"functions":{"total":0,"covered":0,"skipped":0,"pct":100},"statements":{"total":2,"covered":2,"skipped":0,"pct":100},"branches":{"total":0,"covered":0,"skipped":0,"pct":100}}
,"no-map/ContractTargetTriggerHandler": {"lines":{"total":14,"covered":11,"skipped":0,"pct":78.57},"functions":{"total":0,"covered":0,"skipped":0,"pct":100},"statements":{"total":14,"covered":11,"skipped":0,"pct":78.57},"branches":{"total":0,"covered":0,"skipped":0,"pct":100}}
,"no-map/ContractTemplateSelector": {"lines":{"total":30,"covered":23,"skipped":0,"pct":76.66},"functions":{"total":0,"covered":0,"skipped":0,"pct":100},"statements":{"total":30,"covered":23,"skipped":0,"pct":76.66},"branches":{"total":0,"covered":0,"skipped":0,"pct":100}}
,"no-map/ContractTrigger": {"lines":{"total":2,"covered":2,"skipped":0,"pct":100},"functions":{"total":0,"covered":0,"skipped":0,"pct":100},"statements":{"total":2,"covered":2,"skipped":0,"pct":100},"branches":{"total":0,"covered":0,"skipped":0,"pct":100}}
,"no-map/ContractTriggerHandler": {"lines":{"total":191,"covered":121,"skipped":0,"pct":63.35},"functions":{"total":0,"covered":0,"skipped":0,"pct":100},"statements":{"total":191,"covered":121,"skipped":0,"pct":63.35},"branches":{"total":0,"covered":0,"skipped":0,"pct":100}}
,"no-map/CoreRepository": {"lines":{"total":86,"covered":80,"skipped":0,"pct":93.02},"functions":{"total":0,"covered":0,"skipped":0,"pct":100},"statements":{"total":86,"covered":80,"skipped":0,"pct":93.02},"branches":{"total":0,"covered":0,"skipped":0,"pct":100}}
,"no-map/CreateEmailBody": {"lines":{"total":8,"covered":8,"skipped":0,"pct":100},"functions":{"total":0,"covered":0,"skipped":0,"pct":100},"statements":{"total":8,"covered":8,"skipped":0,"pct":100},"branches":{"total":0,"covered":0,"skipped":0,"pct":100}}
,"no-map/CreateEmailBodyService": {"lines":{"total":74,"covered":61,"skipped":0,"pct":82.43},"functions":{"total":0,"covered":0,"skipped":0,"pct":100},"statements":{"total":74,"covered":61,"skipped":0,"pct":82.43},"branches":{"total":0,"covered":0,"skipped":0,"pct":100}}
,"no-map/CustomNotificationService": {"lines":{"total":23,"covered":19,"skipped":0,"pct":82.6},"functions":{"total":0,"covered":0,"skipped":0,"pct":100},"statements":{"total":23,"covered":19,"skipped":0,"pct":82.6},"branches":{"total":0,"covered":0,"skipped":0,"pct":100}}
,"no-map/CustomNotificationTypeSelector": {"lines":{"total":5,"covered":5,"skipped":0,"pct":100},"functions":{"total":0,"covered":0,"skipped":0,"pct":100},"statements":{"total":5,"covered":5,"skipped":0,"pct":100},"branches":{"total":0,"covered":0,"skipped":0,"pct":100}}
,"no-map/DbCacheSelector": {"lines":{"total":10,"covered":10,"skipped":0,"pct":100},"functions":{"total":0,"covered":0,"skipped":0,"pct":100},"statements":{"total":10,"covered":10,"skipped":0,"pct":100},"branches":{"total":0,"covered":0,"skipped":0,"pct":100}}
,"no-map/Delivery": {"lines":{"total":2,"covered":2,"skipped":0,"pct":100},"functions":{"total":0,"covered":0,"skipped":0,"pct":100},"statements":{"total":2,"covered":2,"skipped":0,"pct":100},"branches":{"total":0,"covered":0,"skipped":0,"pct":100}}
,"no-map/DeliveryLine": {"lines":{"total":2,"covered":2,"skipped":0,"pct":100},"functions":{"total":0,"covered":0,"skipped":0,"pct":100},"statements":{"total":2,"covered":2,"skipped":0,"pct":100},"branches":{"total":0,"covered":0,"skipped":0,"pct":100}}
,"no-map/DeliveryLineTriggerHandler": {"lines":{"total":18,"covered":15,"skipped":0,"pct":83.33},"functions":{"total":0,"covered":0,"skipped":0,"pct":100},"statements":{"total":18,"covered":15,"skipped":0,"pct":83.33},"branches":{"total":0,"covered":0,"skipped":0,"pct":100}}
,"no-map/DeliverySelector": {"lines":{"total":7,"covered":7,"skipped":0,"pct":100},"functions":{"total":0,"covered":0,"skipped":0,"pct":100},"statements":{"total":7,"covered":7,"skipped":0,"pct":100},"branches":{"total":0,"covered":0,"skipped":0,"pct":100}}
,"no-map/DeliveryTriggerHandler": {"lines":{"total":18,"covered":15,"skipped":0,"pct":83.33},"functions":{"total":0,"covered":0,"skipped":0,"pct":100},"statements":{"total":18,"covered":15,"skipped":0,"pct":83.33},"branches":{"total":0,"covered":0,"skipped":0,"pct":100}}
,"no-map/EmailTemplateSelector": {"lines":{"total":2,"covered":2,"skipped":0,"pct":100},"functions":{"total":0,"covered":0,"skipped":0,"pct":100},"statements":{"total":2,"covered":2,"skipped":0,"pct":100},"branches":{"total":0,"covered":0,"skipped":0,"pct":100}}
,"no-map/EventSelector": {"lines":{"total":13,"covered":10,"skipped":0,"pct":76.92},"functions":{"total":0,"covered":0,"skipped":0,"pct":100},"statements":{"total":13,"covered":10,"skipped":0,"pct":76.92},"branches":{"total":0,"covered":0,"skipped":0,"pct":100}}
,"no-map/EventService": {"lines":{"total":397,"covered":326,"skipped":0,"pct":82.11},"functions":{"total":0,"covered":0,"skipped":0,"pct":100},"statements":{"total":397,"covered":326,"skipped":0,"pct":82.11},"branches":{"total":0,"covered":0,"skipped":0,"pct":100}}
,"no-map/EventTrigger": {"lines":{"total":2,"covered":2,"skipped":0,"pct":100},"functions":{"total":0,"covered":0,"skipped":0,"pct":100},"statements":{"total":2,"covered":2,"skipped":0,"pct":100},"branches":{"total":0,"covered":0,"skipped":0,"pct":100}}
,"no-map/EventTriggerHandler": {"lines":{"total":49,"covered":40,"skipped":0,"pct":81.63},"functions":{"total":0,"covered":0,"skipped":0,"pct":100},"statements":{"total":49,"covered":40,"skipped":0,"pct":81.63},"branches":{"total":0,"covered":0,"skipped":0,"pct":100}}
,"no-map/ForgotPasswordController": {"lines":{"total":10,"covered":9,"skipped":0,"pct":90},"functions":{"total":0,"covered":0,"skipped":0,"pct":100},"statements":{"total":10,"covered":9,"skipped":0,"pct":90},"branches":{"total":0,"covered":0,"skipped":0,"pct":100}}
,"no-map/GetCountryConfigurationInfo": {"lines":{"total":6,"covered":5,"skipped":0,"pct":83.33},"functions":{"total":0,"covered":0,"skipped":0,"pct":100},"statements":{"total":6,"covered":5,"skipped":0,"pct":83.33},"branches":{"total":0,"covered":0,"skipped":0,"pct":100}}
,"no-map/GroupMemberSelector": {"lines":{"total":26,"covered":19,"skipped":0,"pct":73.07},"functions":{"total":0,"covered":0,"skipped":0,"pct":100},"statements":{"total":26,"covered":19,"skipped":0,"pct":73.07},"branches":{"total":0,"covered":0,"skipped":0,"pct":100}}
,"no-map/GroupSelector": {"lines":{"total":4,"covered":4,"skipped":0,"pct":100},"functions":{"total":0,"covered":0,"skipped":0,"pct":100},"statements":{"total":4,"covered":4,"skipped":0,"pct":100},"branches":{"total":0,"covered":0,"skipped":0,"pct":100}}
,"no-map/HttpRequestUtils": {"lines":{"total":15,"covered":15,"skipped":0,"pct":100},"functions":{"total":0,"covered":0,"skipped":0,"pct":100},"statements":{"total":15,"covered":15,"skipped":0,"pct":100},"branches":{"total":0,"covered":0,"skipped":0,"pct":100}}
,"no-map/IndividualService": {"lines":{"total":8,"covered":8,"skipped":0,"pct":100},"functions":{"total":0,"covered":0,"skipped":0,"pct":100},"statements":{"total":8,"covered":8,"skipped":0,"pct":100},"branches":{"total":0,"covered":0,"skipped":0,"pct":100}}
,"no-map/IndvidualBatchCreation": {"lines":{"total":22,"covered":20,"skipped":0,"pct":90.9},"functions":{"total":0,"covered":0,"skipped":0,"pct":100},"statements":{"total":22,"covered":20,"skipped":0,"pct":90.9},"branches":{"total":0,"covered":0,"skipped":0,"pct":100}}
,"no-map/InvoiceDownloadService": {"lines":{"total":13,"covered":10,"skipped":0,"pct":76.92},"functions":{"total":0,"covered":0,"skipped":0,"pct":100},"statements":{"total":13,"covered":10,"skipped":0,"pct":76.92},"branches":{"total":0,"covered":0,"skipped":0,"pct":100}}
,"no-map/JWTUtils": {"lines":{"total":33,"covered":32,"skipped":0,"pct":96.96},"functions":{"total":0,"covered":0,"skipped":0,"pct":100},"statements":{"total":33,"covered":32,"skipped":0,"pct":96.96},"branches":{"total":0,"covered":0,"skipped":0,"pct":100}}
,"no-map/LastOfflineSyncController": {"lines":{"total":21,"covered":11,"skipped":0,"pct":52.38},"functions":{"total":0,"covered":0,"skipped":0,"pct":100},"statements":{"total":21,"covered":11,"skipped":0,"pct":52.38},"branches":{"total":0,"covered":0,"skipped":0,"pct":100}}
,"no-map/Layer7": {"lines":{"total":58,"covered":52,"skipped":0,"pct":89.65},"functions":{"total":0,"covered":0,"skipped":0,"pct":100},"statements":{"total":58,"covered":52,"skipped":0,"pct":89.65},"branches":{"total":0,"covered":0,"skipped":0,"pct":100}}
,"no-map/LightningForgotPasswordController": {"lines":{"total":27,"covered":18,"skipped":0,"pct":66.66},"functions":{"total":0,"covered":0,"skipped":0,"pct":100},"statements":{"total":27,"covered":18,"skipped":0,"pct":66.66},"branches":{"total":0,"covered":0,"skipped":0,"pct":100}}
,"no-map/LightningLoginFormController": {"lines":{"total":54,"covered":36,"skipped":0,"pct":66.66},"functions":{"total":0,"covered":0,"skipped":0,"pct":100},"statements":{"total":54,"covered":36,"skipped":0,"pct":66.66},"branches":{"total":0,"covered":0,"skipped":0,"pct":100}}
,"no-map/LightningSelfRegisterController": {"lines":{"total":114,"covered":90,"skipped":0,"pct":78.94},"functions":{"total":0,"covered":0,"skipped":0,"pct":100},"statements":{"total":114,"covered":90,"skipped":0,"pct":78.94},"branches":{"total":0,"covered":0,"skipped":0,"pct":100}}
,"no-map/MetadataController": {"lines":{"total":5,"covered":5,"skipped":0,"pct":100},"functions":{"total":0,"covered":0,"skipped":0,"pct":100},"statements":{"total":5,"covered":5,"skipped":0,"pct":100},"branches":{"total":0,"covered":0,"skipped":0,"pct":100}}
,"no-map/MetadataSelector": {"lines":{"total":118,"covered":106,"skipped":0,"pct":89.83},"functions":{"total":0,"covered":0,"skipped":0,"pct":100},"statements":{"total":118,"covered":106,"skipped":0,"pct":89.83},"branches":{"total":0,"covered":0,"skipped":0,"pct":100}}
,"no-map/MicroChainMassOrderReleaseBatch": {"lines":{"total":100,"covered":94,"skipped":0,"pct":94},"functions":{"total":0,"covered":0,"skipped":0,"pct":100},"statements":{"total":100,"covered":94,"skipped":0,"pct":94},"branches":{"total":0,"covered":0,"skipped":0,"pct":100}}
,"no-map/MicrobatchSelfRegController": {"lines":{"total":48,"covered":40,"skipped":0,"pct":83.33},"functions":{"total":0,"covered":0,"skipped":0,"pct":100},"statements":{"total":48,"covered":40,"skipped":0,"pct":83.33},"branches":{"total":0,"covered":0,"skipped":0,"pct":100}}
,"no-map/MockTestDataFactory": {"lines":{"total":910,"covered":868,"skipped":0,"pct":95.38},"functions":{"total":0,"covered":0,"skipped":0,"pct":100},"statements":{"total":910,"covered":868,"skipped":0,"pct":95.38},"branches":{"total":0,"covered":0,"skipped":0,"pct":100}}
,"no-map/MockUtils": {"lines":{"total":91,"covered":86,"skipped":0,"pct":94.5},"functions":{"total":0,"covered":0,"skipped":0,"pct":100},"statements":{"total":91,"covered":86,"skipped":0,"pct":94.5},"branches":{"total":0,"covered":0,"skipped":0,"pct":100}}
,"no-map/MockingEnvironmentService": {"lines":{"total":103,"covered":66,"skipped":0,"pct":64.07},"functions":{"total":0,"covered":0,"skipped":0,"pct":100},"statements":{"total":103,"covered":66,"skipped":0,"pct":64.07},"branches":{"total":0,"covered":0,"skipped":0,"pct":100}}
,"no-map/MyProfilePageController": {"lines":{"total":27,"covered":24,"skipped":0,"pct":88.88},"functions":{"total":0,"covered":0,"skipped":0,"pct":100},"statements":{"total":27,"covered":24,"skipped":0,"pct":88.88},"branches":{"total":0,"covered":0,"skipped":0,"pct":100}}
,"no-map/OfflineContractBatch": {"lines":{"total":51,"covered":28,"skipped":0,"pct":54.9},"functions":{"total":0,"covered":0,"skipped":0,"pct":100},"statements":{"total":51,"covered":28,"skipped":0,"pct":54.9},"branches":{"total":0,"covered":0,"skipped":0,"pct":100}}
,"no-map/Order": {"lines":{"total":2,"covered":2,"skipped":0,"pct":100},"functions":{"total":0,"covered":0,"skipped":0,"pct":100},"statements":{"total":2,"covered":2,"skipped":0,"pct":100},"branches":{"total":0,"covered":0,"skipped":0,"pct":100}}
,"no-map/OrderItem": {"lines":{"total":2,"covered":2,"skipped":0,"pct":100},"functions":{"total":0,"covered":0,"skipped":0,"pct":100},"statements":{"total":2,"covered":2,"skipped":0,"pct":100},"branches":{"total":0,"covered":0,"skipped":0,"pct":100}}
,"no-map/OrderItemSelector": {"lines":{"total":124,"covered":107,"skipped":0,"pct":86.29},"functions":{"total":0,"covered":0,"skipped":0,"pct":100},"statements":{"total":124,"covered":107,"skipped":0,"pct":86.29},"branches":{"total":0,"covered":0,"skipped":0,"pct":100}}
,"no-map/OrderItemTriggerHandler": {"lines":{"total":15,"covered":11,"skipped":0,"pct":73.33},"functions":{"total":0,"covered":0,"skipped":0,"pct":100},"statements":{"total":15,"covered":11,"skipped":0,"pct":73.33},"branches":{"total":0,"covered":0,"skipped":0,"pct":100}}
,"no-map/OrderPadActivateOrderWithSplitsAction": {"lines":{"total":70,"covered":66,"skipped":0,"pct":94.28},"functions":{"total":0,"covered":0,"skipped":0,"pct":100},"statements":{"total":70,"covered":66,"skipped":0,"pct":94.28},"branches":{"total":0,"covered":0,"skipped":0,"pct":100}}
,"no-map/OrderPadCartContainerController": {"lines":{"total":54,"covered":52,"skipped":0,"pct":96.29},"functions":{"total":0,"covered":0,"skipped":0,"pct":100},"statements":{"total":54,"covered":52,"skipped":0,"pct":96.29},"branches":{"total":0,"covered":0,"skipped":0,"pct":100}}
,"no-map/OrderPadCartFooterController": {"lines":{"total":92,"covered":82,"skipped":0,"pct":89.13},"functions":{"total":0,"covered":0,"skipped":0,"pct":100},"statements":{"total":92,"covered":82,"skipped":0,"pct":89.13},"branches":{"total":0,"covered":0,"skipped":0,"pct":100}}
,"no-map/OrderPadCartIconController": {"lines":{"total":49,"covered":44,"skipped":0,"pct":89.79},"functions":{"total":0,"covered":0,"skipped":0,"pct":100},"statements":{"total":49,"covered":44,"skipped":0,"pct":89.79},"branches":{"total":0,"covered":0,"skipped":0,"pct":100}}
,"no-map/OrderPadCartItemSplitController": {"lines":{"total":72,"covered":66,"skipped":0,"pct":91.66},"functions":{"total":0,"covered":0,"skipped":0,"pct":100},"statements":{"total":72,"covered":66,"skipped":0,"pct":91.66},"branches":{"total":0,"covered":0,"skipped":0,"pct":100}}
,"no-map/OrderPadCheckoutContainerController": {"lines":{"total":39,"covered":35,"skipped":0,"pct":89.74},"functions":{"total":0,"covered":0,"skipped":0,"pct":100},"statements":{"total":39,"covered":35,"skipped":0,"pct":89.74},"branches":{"total":0,"covered":0,"skipped":0,"pct":100}}
,"no-map/OrderPadContainerController": {"lines":{"total":9,"covered":9,"skipped":0,"pct":100},"functions":{"total":0,"covered":0,"skipped":0,"pct":100},"statements":{"total":9,"covered":9,"skipped":0,"pct":100},"branches":{"total":0,"covered":0,"skipped":0,"pct":100}}
,"no-map/OrderPadCreateSplitsController": {"lines":{"total":99,"covered":84,"skipped":0,"pct":84.84},"functions":{"total":0,"covered":0,"skipped":0,"pct":100},"statements":{"total":99,"covered":84,"skipped":0,"pct":84.84},"branches":{"total":0,"covered":0,"skipped":0,"pct":100}}
,"no-map/OrderPadException": {"lines":{"total":0,"covered":0,"skipped":0,"pct":100},"functions":{"total":0,"covered":0,"skipped":0,"pct":100},"statements":{"total":0,"covered":0,"skipped":0,"pct":100},"branches":{"total":0,"covered":0,"skipped":0,"pct":100}}
,"no-map/OrderPadFiltersController": {"lines":{"total":24,"covered":24,"skipped":0,"pct":100},"functions":{"total":0,"covered":0,"skipped":0,"pct":100},"statements":{"total":24,"covered":24,"skipped":0,"pct":100},"branches":{"total":0,"covered":0,"skipped":0,"pct":100}}
,"no-map/OrderPadMCCheckoutContainerController": {"lines":{"total":70,"covered":51,"skipped":0,"pct":72.85},"functions":{"total":0,"covered":0,"skipped":0,"pct":100},"statements":{"total":70,"covered":51,"skipped":0,"pct":72.85},"branches":{"total":0,"covered":0,"skipped":0,"pct":100}}
,"no-map/OrderPadMCMassOrderProcessing": {"lines":{"total":30,"covered":15,"skipped":0,"pct":50},"functions":{"total":0,"covered":0,"skipped":0,"pct":100},"statements":{"total":30,"covered":15,"skipped":0,"pct":50},"branches":{"total":0,"covered":0,"skipped":0,"pct":100}}
,"no-map/OrderPadMassOrderContainerController": {"lines":{"total":169,"covered":90,"skipped":0,"pct":53.25},"functions":{"total":0,"covered":0,"skipped":0,"pct":100},"statements":{"total":169,"covered":90,"skipped":0,"pct":53.25},"branches":{"total":0,"covered":0,"skipped":0,"pct":100}}
,"no-map/OrderPadProductDetailsController": {"lines":{"total":31,"covered":25,"skipped":0,"pct":80.64},"functions":{"total":0,"covered":0,"skipped":0,"pct":100},"statements":{"total":31,"covered":25,"skipped":0,"pct":80.64},"branches":{"total":0,"covered":0,"skipped":0,"pct":100}}
,"no-map/OrderPadPromotionsController": {"lines":{"total":151,"covered":138,"skipped":0,"pct":91.39},"functions":{"total":0,"covered":0,"skipped":0,"pct":100},"statements":{"total":151,"covered":138,"skipped":0,"pct":91.39},"branches":{"total":0,"covered":0,"skipped":0,"pct":100}}
,"no-map/OrderPadSearchResultsController": {"lines":{"total":42,"covered":40,"skipped":0,"pct":95.23},"functions":{"total":0,"covered":0,"skipped":0,"pct":100},"statements":{"total":42,"covered":40,"skipped":0,"pct":95.23},"branches":{"total":0,"covered":0,"skipped":0,"pct":100}}
,"no-map/OrderPadSearchResultsHelper": {"lines":{"total":94,"covered":80,"skipped":0,"pct":85.1},"functions":{"total":0,"covered":0,"skipped":0,"pct":100},"statements":{"total":94,"covered":80,"skipped":0,"pct":85.1},"branches":{"total":0,"covered":0,"skipped":0,"pct":100}}
,"no-map/OrderPadSplitOrderContainerController": {"lines":{"total":190,"covered":166,"skipped":0,"pct":87.36},"functions":{"total":0,"covered":0,"skipped":0,"pct":100},"statements":{"total":190,"covered":166,"skipped":0,"pct":87.36},"branches":{"total":0,"covered":0,"skipped":0,"pct":100}}
,"no-map/OrderPadSplitOrderHelper": {"lines":{"total":44,"covered":38,"skipped":0,"pct":86.36},"functions":{"total":0,"covered":0,"skipped":0,"pct":100},"statements":{"total":44,"covered":38,"skipped":0,"pct":86.36},"branches":{"total":0,"covered":0,"skipped":0,"pct":100}}
,"no-map/OrderReleaseBatch": {"lines":{"total":101,"covered":56,"skipped":0,"pct":55.44},"functions":{"total":0,"covered":0,"skipped":0,"pct":100},"statements":{"total":101,"covered":56,"skipped":0,"pct":55.44},"branches":{"total":0,"covered":0,"skipped":0,"pct":100}}
,"no-map/OrderSelector": {"lines":{"total":76,"covered":73,"skipped":0,"pct":96.05},"functions":{"total":0,"covered":0,"skipped":0,"pct":100},"statements":{"total":76,"covered":73,"skipped":0,"pct":96.05},"branches":{"total":0,"covered":0,"skipped":0,"pct":100}}
,"no-map/OrderService": {"lines":{"total":421,"covered":279,"skipped":0,"pct":66.27},"functions":{"total":0,"covered":0,"skipped":0,"pct":100},"statements":{"total":421,"covered":279,"skipped":0,"pct":66.27},"branches":{"total":0,"covered":0,"skipped":0,"pct":100}}
,"no-map/OrderTriggerHandler": {"lines":{"total":48,"covered":38,"skipped":0,"pct":79.16},"functions":{"total":0,"covered":0,"skipped":0,"pct":100},"statements":{"total":48,"covered":38,"skipped":0,"pct":79.16},"branches":{"total":0,"covered":0,"skipped":0,"pct":100}}
,"no-map/ParserListOfBenefits": {"lines":{"total":12,"covered":11,"skipped":0,"pct":91.66},"functions":{"total":0,"covered":0,"skipped":0,"pct":100},"statements":{"total":12,"covered":11,"skipped":0,"pct":91.66},"branches":{"total":0,"covered":0,"skipped":0,"pct":100}}
,"no-map/Payment": {"lines":{"total":2,"covered":2,"skipped":0,"pct":100},"functions":{"total":0,"covered":0,"skipped":0,"pct":100},"statements":{"total":2,"covered":2,"skipped":0,"pct":100},"branches":{"total":0,"covered":0,"skipped":0,"pct":100}}
,"no-map/PaymentAccountReceivableSelector": {"lines":{"total":9,"covered":9,"skipped":0,"pct":100},"functions":{"total":0,"covered":0,"skipped":0,"pct":100},"statements":{"total":9,"covered":9,"skipped":0,"pct":100},"branches":{"total":0,"covered":0,"skipped":0,"pct":100}}
,"no-map/PaymentAr": {"lines":{"total":2,"covered":2,"skipped":0,"pct":100},"functions":{"total":0,"covered":0,"skipped":0,"pct":100},"statements":{"total":2,"covered":2,"skipped":0,"pct":100},"branches":{"total":0,"covered":0,"skipped":0,"pct":100}}
,"no-map/PaymentArService": {"lines":{"total":28,"covered":27,"skipped":0,"pct":96.42},"functions":{"total":0,"covered":0,"skipped":0,"pct":100},"statements":{"total":28,"covered":27,"skipped":0,"pct":96.42},"branches":{"total":0,"covered":0,"skipped":0,"pct":100}}
,"no-map/PaymentArTriggerHandler": {"lines":{"total":29,"covered":23,"skipped":0,"pct":79.31},"functions":{"total":0,"covered":0,"skipped":0,"pct":100},"statements":{"total":29,"covered":23,"skipped":0,"pct":79.31},"branches":{"total":0,"covered":0,"skipped":0,"pct":100}}
,"no-map/PaymentService": {"lines":{"total":32,"covered":31,"skipped":0,"pct":96.87},"functions":{"total":0,"covered":0,"skipped":0,"pct":100},"statements":{"total":32,"covered":31,"skipped":0,"pct":96.87},"branches":{"total":0,"covered":0,"skipped":0,"pct":100}}
,"no-map/PaymentTriggerHandler": {"lines":{"total":29,"covered":23,"skipped":0,"pct":79.31},"functions":{"total":0,"covered":0,"skipped":0,"pct":100},"statements":{"total":29,"covered":23,"skipped":0,"pct":79.31},"branches":{"total":0,"covered":0,"skipped":0,"pct":100}}
,"no-map/PdpProductInformationController": {"lines":{"total":88,"covered":78,"skipped":0,"pct":88.63},"functions":{"total":0,"covered":0,"skipped":0,"pct":100},"statements":{"total":88,"covered":78,"skipped":0,"pct":88.63},"branches":{"total":0,"covered":0,"skipped":0,"pct":100}}
,"no-map/PeriodSelector": {"lines":{"total":4,"covered":4,"skipped":0,"pct":100},"functions":{"total":0,"covered":0,"skipped":0,"pct":100},"statements":{"total":4,"covered":4,"skipped":0,"pct":100},"branches":{"total":0,"covered":0,"skipped":0,"pct":100}}
,"no-map/PermissionSetAssignmentSelector": {"lines":{"total":8,"covered":8,"skipped":0,"pct":100},"functions":{"total":0,"covered":0,"skipped":0,"pct":100},"statements":{"total":8,"covered":8,"skipped":0,"pct":100},"branches":{"total":0,"covered":0,"skipped":0,"pct":100}}
,"no-map/PermissionSetSelector": {"lines":{"total":10,"covered":7,"skipped":0,"pct":70},"functions":{"total":0,"covered":0,"skipped":0,"pct":100},"statements":{"total":10,"covered":7,"skipped":0,"pct":70},"branches":{"total":0,"covered":0,"skipped":0,"pct":100}}
,"no-map/PicklistParserForFlow": {"lines":{"total":0,"covered":0,"skipped":0,"pct":100},"functions":{"total":0,"covered":0,"skipped":0,"pct":100},"statements":{"total":0,"covered":0,"skipped":0,"pct":100},"branches":{"total":0,"covered":0,"skipped":0,"pct":100}}
,"no-map/PlpStoreContainerController": {"lines":{"total":60,"covered":48,"skipped":0,"pct":80},"functions":{"total":0,"covered":0,"skipped":0,"pct":100},"statements":{"total":60,"covered":48,"skipped":0,"pct":80},"branches":{"total":0,"covered":0,"skipped":0,"pct":100}}
,"no-map/PlpStoreContainerHelper": {"lines":{"total":93,"covered":91,"skipped":0,"pct":97.84},"functions":{"total":0,"covered":0,"skipped":0,"pct":100},"statements":{"total":93,"covered":91,"skipped":0,"pct":97.84},"branches":{"total":0,"covered":0,"skipped":0,"pct":100}}
,"no-map/PriceBookEntrySelector": {"lines":{"total":19,"covered":13,"skipped":0,"pct":68.42},"functions":{"total":0,"covered":0,"skipped":0,"pct":100},"statements":{"total":19,"covered":13,"skipped":0,"pct":68.42},"branches":{"total":0,"covered":0,"skipped":0,"pct":100}}
,"no-map/PriceBookSelector": {"lines":{"total":7,"covered":7,"skipped":0,"pct":100},"functions":{"total":0,"covered":0,"skipped":0,"pct":100},"statements":{"total":7,"covered":7,"skipped":0,"pct":100},"branches":{"total":0,"covered":0,"skipped":0,"pct":100}}
,"no-map/PriceCatalogWS": {"lines":{"total":133,"covered":111,"skipped":0,"pct":83.45},"functions":{"total":0,"covered":0,"skipped":0,"pct":100},"statements":{"total":133,"covered":111,"skipped":0,"pct":83.45},"branches":{"total":0,"covered":0,"skipped":0,"pct":100}}
,"no-map/PriceCatalogWS_Wrapper": {"lines":{"total":17,"covered":17,"skipped":0,"pct":100},"functions":{"total":0,"covered":0,"skipped":0,"pct":100},"statements":{"total":17,"covered":17,"skipped":0,"pct":100},"branches":{"total":0,"covered":0,"skipped":0,"pct":100}}
,"no-map/PriceSimulateResponseWrapper": {"lines":{"total":426,"covered":408,"skipped":0,"pct":95.77},"functions":{"total":0,"covered":0,"skipped":0,"pct":100},"statements":{"total":426,"covered":408,"skipped":0,"pct":95.77},"branches":{"total":0,"covered":0,"skipped":0,"pct":100}}
,"no-map/PriceSimulateService": {"lines":{"total":58,"covered":53,"skipped":0,"pct":91.37},"functions":{"total":0,"covered":0,"skipped":0,"pct":100},"statements":{"total":58,"covered":53,"skipped":0,"pct":91.37},"branches":{"total":0,"covered":0,"skipped":0,"pct":100}}
,"no-map/PriceSimulateWS": {"lines":{"total":28,"covered":24,"skipped":0,"pct":85.71},"functions":{"total":0,"covered":0,"skipped":0,"pct":100},"statements":{"total":28,"covered":24,"skipped":0,"pct":85.71},"branches":{"total":0,"covered":0,"skipped":0,"pct":100}}
,"no-map/PriceSimulateWS_Wrapper": {"lines":{"total":87,"covered":83,"skipped":0,"pct":95.4},"functions":{"total":0,"covered":0,"skipped":0,"pct":100},"statements":{"total":87,"covered":83,"skipped":0,"pct":95.4},"branches":{"total":0,"covered":0,"skipped":0,"pct":100}}
,"no-map/Product": {"lines":{"total":2,"covered":2,"skipped":0,"pct":100},"functions":{"total":0,"covered":0,"skipped":0,"pct":100},"statements":{"total":2,"covered":2,"skipped":0,"pct":100},"branches":{"total":0,"covered":0,"skipped":0,"pct":100}}
,"no-map/ProductCategorySelector": {"lines":{"total":70,"covered":59,"skipped":0,"pct":84.28},"functions":{"total":0,"covered":0,"skipped":0,"pct":100},"statements":{"total":70,"covered":59,"skipped":0,"pct":84.28},"branches":{"total":0,"covered":0,"skipped":0,"pct":100}}
,"no-map/ProductQuantityRuleSelector": {"lines":{"total":11,"covered":11,"skipped":0,"pct":100},"functions":{"total":0,"covered":0,"skipped":0,"pct":100},"statements":{"total":11,"covered":11,"skipped":0,"pct":100},"branches":{"total":0,"covered":0,"skipped":0,"pct":100}}
,"no-map/ProductSelector": {"lines":{"total":51,"covered":51,"skipped":0,"pct":100},"functions":{"total":0,"covered":0,"skipped":0,"pct":100},"statements":{"total":51,"covered":51,"skipped":0,"pct":100},"branches":{"total":0,"covered":0,"skipped":0,"pct":100}}
,"no-map/ProductService": {"lines":{"total":154,"covered":141,"skipped":0,"pct":91.55},"functions":{"total":0,"covered":0,"skipped":0,"pct":100},"statements":{"total":154,"covered":141,"skipped":0,"pct":91.55},"branches":{"total":0,"covered":0,"skipped":0,"pct":100}}
,"no-map/ProductTemplateSelector": {"lines":{"total":4,"covered":4,"skipped":0,"pct":100},"functions":{"total":0,"covered":0,"skipped":0,"pct":100},"statements":{"total":4,"covered":4,"skipped":0,"pct":100},"branches":{"total":0,"covered":0,"skipped":0,"pct":100}}
,"no-map/ProductTriggerHandler": {"lines":{"total":42,"covered":33,"skipped":0,"pct":78.57},"functions":{"total":0,"covered":0,"skipped":0,"pct":100},"statements":{"total":42,"covered":33,"skipped":0,"pct":78.57},"branches":{"total":0,"covered":0,"skipped":0,"pct":100}}
,"no-map/ProfileSelector": {"lines":{"total":7,"covered":7,"skipped":0,"pct":100},"functions":{"total":0,"covered":0,"skipped":0,"pct":100},"statements":{"total":7,"covered":7,"skipped":0,"pct":100},"branches":{"total":0,"covered":0,"skipped":0,"pct":100}}
,"no-map/PromotionSelector": {"lines":{"total":18,"covered":9,"skipped":0,"pct":50},"functions":{"total":0,"covered":0,"skipped":0,"pct":100},"statements":{"total":18,"covered":9,"skipped":0,"pct":50},"branches":{"total":0,"covered":0,"skipped":0,"pct":100}}
,"no-map/QuantityRuleBatch": {"lines":{"total":99,"covered":51,"skipped":0,"pct":51.51},"functions":{"total":0,"covered":0,"skipped":0,"pct":100},"statements":{"total":99,"covered":51,"skipped":0,"pct":51.51},"branches":{"total":0,"covered":0,"skipped":0,"pct":100}}
,"no-map/QueueMCMassOrderCheckoutFlow": {"lines":{"total":11,"covered":6,"skipped":0,"pct":54.54},"functions":{"total":0,"covered":0,"skipped":0,"pct":100},"statements":{"total":11,"covered":6,"skipped":0,"pct":54.54},"branches":{"total":0,"covered":0,"skipped":0,"pct":100}}
,"no-map/RecordTypeSelector": {"lines":{"total":14,"covered":14,"skipped":0,"pct":100},"functions":{"total":0,"covered":0,"skipped":0,"pct":100},"statements":{"total":14,"covered":14,"skipped":0,"pct":100},"branches":{"total":0,"covered":0,"skipped":0,"pct":100}}
,"no-map/ReplaceSemiColonsToComma": {"lines":{"total":3,"covered":3,"skipped":0,"pct":100},"functions":{"total":0,"covered":0,"skipped":0,"pct":100},"statements":{"total":3,"covered":3,"skipped":0,"pct":100},"branches":{"total":0,"covered":0,"skipped":0,"pct":100}}
,"no-map/RetailStoreBatch": {"lines":{"total":22,"covered":20,"skipped":0,"pct":90.9},"functions":{"total":0,"covered":0,"skipped":0,"pct":100},"statements":{"total":22,"covered":20,"skipped":0,"pct":90.9},"branches":{"total":0,"covered":0,"skipped":0,"pct":100}}
,"no-map/RetailStoreBatchRetailStoreGroup": {"lines":{"total":24,"covered":22,"skipped":0,"pct":91.66},"functions":{"total":0,"covered":0,"skipped":0,"pct":100},"statements":{"total":24,"covered":22,"skipped":0,"pct":91.66},"branches":{"total":0,"covered":0,"skipped":0,"pct":100}}
,"no-map/RetailStoreGroupSelector": {"lines":{"total":7,"covered":4,"skipped":0,"pct":57.14},"functions":{"total":0,"covered":0,"skipped":0,"pct":100},"statements":{"total":7,"covered":4,"skipped":0,"pct":57.14},"branches":{"total":0,"covered":0,"skipped":0,"pct":100}}
,"no-map/RetailStorePrimaryContactBatch": {"lines":{"total":64,"covered":35,"skipped":0,"pct":54.68},"functions":{"total":0,"covered":0,"skipped":0,"pct":100},"statements":{"total":64,"covered":35,"skipped":0,"pct":54.68},"branches":{"total":0,"covered":0,"skipped":0,"pct":100}}
,"no-map/RetailStoreRetailStoreRelBatch": {"lines":{"total":49,"covered":46,"skipped":0,"pct":93.87},"functions":{"total":0,"covered":0,"skipped":0,"pct":100},"statements":{"total":49,"covered":46,"skipped":0,"pct":93.87},"branches":{"total":0,"covered":0,"skipped":0,"pct":100}}
,"no-map/RetailStoreRetailStoreRelService": {"lines":{"total":63,"covered":63,"skipped":0,"pct":100},"functions":{"total":0,"covered":0,"skipped":0,"pct":100},"statements":{"total":63,"covered":63,"skipped":0,"pct":100},"branches":{"total":0,"covered":0,"skipped":0,"pct":100}}
,"no-map/RetailStoreSelector": {"lines":{"total":67,"covered":67,"skipped":0,"pct":100},"functions":{"total":0,"covered":0,"skipped":0,"pct":100},"statements":{"total":67,"covered":67,"skipped":0,"pct":100},"branches":{"total":0,"covered":0,"skipped":0,"pct":100}}
,"no-map/RetailStoreService": {"lines":{"total":106,"covered":103,"skipped":0,"pct":97.16},"functions":{"total":0,"covered":0,"skipped":0,"pct":100},"statements":{"total":106,"covered":103,"skipped":0,"pct":97.16},"branches":{"total":0,"covered":0,"skipped":0,"pct":100}}
,"no-map/RetailStoreSetEmptyAddressBatch": {"lines":{"total":48,"covered":46,"skipped":0,"pct":95.83},"functions":{"total":0,"covered":0,"skipped":0,"pct":100},"statements":{"total":48,"covered":46,"skipped":0,"pct":95.83},"branches":{"total":0,"covered":0,"skipped":0,"pct":100}}
,"no-map/RetailStoreTrigger": {"lines":{"total":2,"covered":2,"skipped":0,"pct":100},"functions":{"total":0,"covered":0,"skipped":0,"pct":100},"statements":{"total":2,"covered":2,"skipped":0,"pct":100},"branches":{"total":0,"covered":0,"skipped":0,"pct":100}}
,"no-map/RetailStoreTriggerHandler": {"lines":{"total":47,"covered":38,"skipped":0,"pct":80.85},"functions":{"total":0,"covered":0,"skipped":0,"pct":100},"statements":{"total":47,"covered":38,"skipped":0,"pct":80.85},"branches":{"total":0,"covered":0,"skipped":0,"pct":100}}
,"no-map/RetailVisitKpiSelector": {"lines":{"total":4,"covered":4,"skipped":0,"pct":100},"functions":{"total":0,"covered":0,"skipped":0,"pct":100},"statements":{"total":4,"covered":4,"skipped":0,"pct":100},"branches":{"total":0,"covered":0,"skipped":0,"pct":100}}
,"no-map/SignContractController": {"lines":{"total":8,"covered":6,"skipped":0,"pct":75},"functions":{"total":0,"covered":0,"skipped":0,"pct":100},"statements":{"total":8,"covered":6,"skipped":0,"pct":75},"branches":{"total":0,"covered":0,"skipped":0,"pct":100}}
,"no-map/SignatureSelector": {"lines":{"total":18,"covered":9,"skipped":0,"pct":50},"functions":{"total":0,"covered":0,"skipped":0,"pct":100},"statements":{"total":18,"covered":9,"skipped":0,"pct":50},"branches":{"total":0,"covered":0,"skipped":0,"pct":100}}
,"no-map/SiteLoginController": {"lines":{"total":6,"covered":6,"skipped":0,"pct":100},"functions":{"total":0,"covered":0,"skipped":0,"pct":100},"statements":{"total":6,"covered":6,"skipped":0,"pct":100},"branches":{"total":0,"covered":0,"skipped":0,"pct":100}}
,"no-map/SiteRegisterController": {"lines":{"total":35,"covered":30,"skipped":0,"pct":85.71},"functions":{"total":0,"covered":0,"skipped":0,"pct":100},"statements":{"total":35,"covered":30,"skipped":0,"pct":85.71},"branches":{"total":0,"covered":0,"skipped":0,"pct":100}}
,"no-map/SiteSelector": {"lines":{"total":5,"covered":5,"skipped":0,"pct":100},"functions":{"total":0,"covered":0,"skipped":0,"pct":100},"statements":{"total":5,"covered":5,"skipped":0,"pct":100},"branches":{"total":0,"covered":0,"skipped":0,"pct":100}}
,"no-map/StoreActionPlanTemplateSelector": {"lines":{"total":11,"covered":11,"skipped":0,"pct":100},"functions":{"total":0,"covered":0,"skipped":0,"pct":100},"statements":{"total":11,"covered":11,"skipped":0,"pct":100},"branches":{"total":0,"covered":0,"skipped":0,"pct":100}}
,"no-map/SurveyInvitationSelector": {"lines":{"total":5,"covered":5,"skipped":0,"pct":100},"functions":{"total":0,"covered":0,"skipped":0,"pct":100},"statements":{"total":5,"covered":5,"skipped":0,"pct":100},"branches":{"total":0,"covered":0,"skipped":0,"pct":100}}
,"no-map/SurveyInvitationService": {"lines":{"total":92,"covered":49,"skipped":0,"pct":53.26},"functions":{"total":0,"covered":0,"skipped":0,"pct":100},"statements":{"total":92,"covered":49,"skipped":0,"pct":53.26},"branches":{"total":0,"covered":0,"skipped":0,"pct":100}}
,"no-map/SurveyInvitationTrigger": {"lines":{"total":1,"covered":1,"skipped":0,"pct":100},"functions":{"total":0,"covered":0,"skipped":0,"pct":100},"statements":{"total":1,"covered":1,"skipped":0,"pct":100},"branches":{"total":0,"covered":0,"skipped":0,"pct":100}}
,"no-map/SurveyInvitationTriggerHandler": {"lines":{"total":11,"covered":9,"skipped":0,"pct":81.81},"functions":{"total":0,"covered":0,"skipped":0,"pct":100},"statements":{"total":11,"covered":9,"skipped":0,"pct":81.81},"branches":{"total":0,"covered":0,"skipped":0,"pct":100}}
,"no-map/SurveyResponseTrigger": {"lines":{"total":2,"covered":2,"skipped":0,"pct":100},"functions":{"total":0,"covered":0,"skipped":0,"pct":100},"statements":{"total":2,"covered":2,"skipped":0,"pct":100},"branches":{"total":0,"covered":0,"skipped":0,"pct":100}}
,"no-map/SurveyResponseTriggerHandler": {"lines":{"total":10,"covered":10,"skipped":0,"pct":100},"functions":{"total":0,"covered":0,"skipped":0,"pct":100},"statements":{"total":10,"covered":10,"skipped":0,"pct":100},"branches":{"total":0,"covered":0,"skipped":0,"pct":100}}
,"no-map/SurveySubjectSelector": {"lines":{"total":10,"covered":10,"skipped":0,"pct":100},"functions":{"total":0,"covered":0,"skipped":0,"pct":100},"statements":{"total":10,"covered":10,"skipped":0,"pct":100},"branches":{"total":0,"covered":0,"skipped":0,"pct":100}}
,"no-map/SyncOfflineOrderCalloutMock": {"lines":{"total":30,"covered":22,"skipped":0,"pct":73.33},"functions":{"total":0,"covered":0,"skipped":0,"pct":100},"statements":{"total":30,"covered":22,"skipped":0,"pct":73.33},"branches":{"total":0,"covered":0,"skipped":0,"pct":100}}
,"no-map/TargetListController": {"lines":{"total":4,"covered":4,"skipped":0,"pct":100},"functions":{"total":0,"covered":0,"skipped":0,"pct":100},"statements":{"total":4,"covered":4,"skipped":0,"pct":100},"branches":{"total":0,"covered":0,"skipped":0,"pct":100}}
,"no-map/TaskRedirectController": {"lines":{"total":5,"covered":5,"skipped":0,"pct":100},"functions":{"total":0,"covered":0,"skipped":0,"pct":100},"statements":{"total":5,"covered":5,"skipped":0,"pct":100},"branches":{"total":0,"covered":0,"skipped":0,"pct":100}}
,"no-map/TaskSelector": {"lines":{"total":55,"covered":55,"skipped":0,"pct":100},"functions":{"total":0,"covered":0,"skipped":0,"pct":100},"statements":{"total":55,"covered":55,"skipped":0,"pct":100},"branches":{"total":0,"covered":0,"skipped":0,"pct":100}}
,"no-map/TaskService": {"lines":{"total":169,"covered":131,"skipped":0,"pct":77.51},"functions":{"total":0,"covered":0,"skipped":0,"pct":100},"statements":{"total":169,"covered":131,"skipped":0,"pct":77.51},"branches":{"total":0,"covered":0,"skipped":0,"pct":100}}
,"no-map/TaskTrigger": {"lines":{"total":1,"covered":1,"skipped":0,"pct":100},"functions":{"total":0,"covered":0,"skipped":0,"pct":100},"statements":{"total":1,"covered":1,"skipped":0,"pct":100},"branches":{"total":0,"covered":0,"skipped":0,"pct":100}}
,"no-map/TaskTriggerHandler": {"lines":{"total":50,"covered":43,"skipped":0,"pct":86},"functions":{"total":0,"covered":0,"skipped":0,"pct":100},"statements":{"total":50,"covered":43,"skipped":0,"pct":86},"branches":{"total":0,"covered":0,"skipped":0,"pct":100}}
,"no-map/TerritoryAccountSelector": {"lines":{"total":45,"covered":38,"skipped":0,"pct":84.44},"functions":{"total":0,"covered":0,"skipped":0,"pct":100},"statements":{"total":45,"covered":38,"skipped":0,"pct":84.44},"branches":{"total":0,"covered":0,"skipped":0,"pct":100}}
,"no-map/TerritoryAccountTrigger": {"lines":{"total":1,"covered":1,"skipped":0,"pct":100},"functions":{"total":0,"covered":0,"skipped":0,"pct":100},"statements":{"total":1,"covered":1,"skipped":0,"pct":100},"branches":{"total":0,"covered":0,"skipped":0,"pct":100}}
,"no-map/TerritoryAccountTriggerHandler": {"lines":{"total":45,"covered":36,"skipped":0,"pct":80},"functions":{"total":0,"covered":0,"skipped":0,"pct":100},"statements":{"total":45,"covered":36,"skipped":0,"pct":80},"branches":{"total":0,"covered":0,"skipped":0,"pct":100}}
,"no-map/TerritoryApplyButtonController": {"lines":{"total":21,"covered":17,"skipped":0,"pct":80.95},"functions":{"total":0,"covered":0,"skipped":0,"pct":100},"statements":{"total":21,"covered":17,"skipped":0,"pct":80.95},"branches":{"total":0,"covered":0,"skipped":0,"pct":100}}
,"no-map/TerritoryBatchApply": {"lines":{"total":50,"covered":46,"skipped":0,"pct":92},"functions":{"total":0,"covered":0,"skipped":0,"pct":100},"statements":{"total":50,"covered":46,"skipped":0,"pct":92},"branches":{"total":0,"covered":0,"skipped":0,"pct":100}}
,"no-map/TerritoryBatchClone": {"lines":{"total":33,"covered":29,"skipped":0,"pct":87.87},"functions":{"total":0,"covered":0,"skipped":0,"pct":100},"statements":{"total":33,"covered":29,"skipped":0,"pct":87.87},"branches":{"total":0,"covered":0,"skipped":0,"pct":100}}
,"no-map/TerritoryBrickSelector": {"lines":{"total":27,"covered":20,"skipped":0,"pct":74.07},"functions":{"total":0,"covered":0,"skipped":0,"pct":100},"statements":{"total":27,"covered":20,"skipped":0,"pct":74.07},"branches":{"total":0,"covered":0,"skipped":0,"pct":100}}
,"no-map/TerritoryBrickTrigger": {"lines":{"total":1,"covered":1,"skipped":0,"pct":100},"functions":{"total":0,"covered":0,"skipped":0,"pct":100},"statements":{"total":1,"covered":1,"skipped":0,"pct":100},"branches":{"total":0,"covered":0,"skipped":0,"pct":100}}
,"no-map/TerritoryBrickTriggerHandler": {"lines":{"total":100,"covered":85,"skipped":0,"pct":85},"functions":{"total":0,"covered":0,"skipped":0,"pct":100},"statements":{"total":100,"covered":85,"skipped":0,"pct":85},"branches":{"total":0,"covered":0,"skipped":0,"pct":100}}
,"no-map/TerritoryCloneController": {"lines":{"total":3,"covered":3,"skipped":0,"pct":100},"functions":{"total":0,"covered":0,"skipped":0,"pct":100},"statements":{"total":3,"covered":3,"skipped":0,"pct":100},"branches":{"total":0,"covered":0,"skipped":0,"pct":100}}
,"no-map/TerritorySelector": {"lines":{"total":10,"covered":10,"skipped":0,"pct":100},"functions":{"total":0,"covered":0,"skipped":0,"pct":100},"statements":{"total":10,"covered":10,"skipped":0,"pct":100},"branches":{"total":0,"covered":0,"skipped":0,"pct":100}}
,"no-map/TerritoryService": {"lines":{"total":447,"covered":389,"skipped":0,"pct":87.02},"functions":{"total":0,"covered":0,"skipped":0,"pct":100},"statements":{"total":447,"covered":389,"skipped":0,"pct":87.02},"branches":{"total":0,"covered":0,"skipped":0,"pct":100}}
,"no-map/TerritoryTrigger": {"lines":{"total":1,"covered":1,"skipped":0,"pct":100},"functions":{"total":0,"covered":0,"skipped":0,"pct":100},"statements":{"total":1,"covered":1,"skipped":0,"pct":100},"branches":{"total":0,"covered":0,"skipped":0,"pct":100}}
,"no-map/TerritoryTriggerHandler": {"lines":{"total":51,"covered":40,"skipped":0,"pct":78.43},"functions":{"total":0,"covered":0,"skipped":0,"pct":100},"statements":{"total":51,"covered":40,"skipped":0,"pct":78.43},"branches":{"total":0,"covered":0,"skipped":0,"pct":100}}
,"no-map/TestDataFactory": {"lines":{"total":612,"covered":497,"skipped":0,"pct":81.2},"functions":{"total":0,"covered":0,"skipped":0,"pct":100},"statements":{"total":612,"covered":497,"skipped":0,"pct":81.2},"branches":{"total":0,"covered":0,"skipped":0,"pct":100}}
,"no-map/UserSelector": {"lines":{"total":28,"covered":24,"skipped":0,"pct":85.71},"functions":{"total":0,"covered":0,"skipped":0,"pct":100},"statements":{"total":28,"covered":24,"skipped":0,"pct":85.71},"branches":{"total":0,"covered":0,"skipped":0,"pct":100}}
,"no-map/UserService": {"lines":{"total":244,"covered":206,"skipped":0,"pct":84.42},"functions":{"total":0,"covered":0,"skipped":0,"pct":100},"statements":{"total":244,"covered":206,"skipped":0,"pct":84.42},"branches":{"total":0,"covered":0,"skipped":0,"pct":100}}
,"no-map/UserTrigger": {"lines":{"total":2,"covered":2,"skipped":0,"pct":100},"functions":{"total":0,"covered":0,"skipped":0,"pct":100},"statements":{"total":2,"covered":2,"skipped":0,"pct":100},"branches":{"total":0,"covered":0,"skipped":0,"pct":100}}
,"no-map/UserTriggerHandler": {"lines":{"total":104,"covered":85,"skipped":0,"pct":81.73},"functions":{"total":0,"covered":0,"skipped":0,"pct":100},"statements":{"total":104,"covered":85,"skipped":0,"pct":81.73},"branches":{"total":0,"covered":0,"skipped":0,"pct":100}}
,"no-map/VisitSelector": {"lines":{"total":40,"covered":40,"skipped":0,"pct":100},"functions":{"total":0,"covered":0,"skipped":0,"pct":100},"statements":{"total":40,"covered":40,"skipped":0,"pct":100},"branches":{"total":0,"covered":0,"skipped":0,"pct":100}}
,"no-map/VisitService": {"lines":{"total":737,"covered":572,"skipped":0,"pct":77.61},"functions":{"total":0,"covered":0,"skipped":0,"pct":100},"statements":{"total":737,"covered":572,"skipped":0,"pct":77.61},"branches":{"total":0,"covered":0,"skipped":0,"pct":100}}
,"no-map/VisitServiceInsertQueueable": {"lines":{"total":42,"covered":38,"skipped":0,"pct":90.47},"functions":{"total":0,"covered":0,"skipped":0,"pct":100},"statements":{"total":42,"covered":38,"skipped":0,"pct":90.47},"branches":{"total":0,"covered":0,"skipped":0,"pct":100}}
,"no-map/VisitServiceUpdateQueueable": {"lines":{"total":43,"covered":38,"skipped":0,"pct":88.37},"functions":{"total":0,"covered":0,"skipped":0,"pct":100},"statements":{"total":43,"covered":38,"skipped":0,"pct":88.37},"branches":{"total":0,"covered":0,"skipped":0,"pct":100}}
,"no-map/VisitTrigger": {"lines":{"total":2,"covered":2,"skipped":0,"pct":100},"functions":{"total":0,"covered":0,"skipped":0,"pct":100},"statements":{"total":2,"covered":2,"skipped":0,"pct":100},"branches":{"total":0,"covered":0,"skipped":0,"pct":100}}
,"no-map/VisitTriggerHandler": {"lines":{"total":62,"covered":50,"skipped":0,"pct":80.64},"functions":{"total":0,"covered":0,"skipped":0,"pct":100},"statements":{"total":62,"covered":50,"skipped":0,"pct":80.64},"branches":{"total":0,"covered":0,"skipped":0,"pct":100}}
,"no-map/WebCartTrigger": {"lines":{"total":2,"covered":2,"skipped":0,"pct":100},"functions":{"total":0,"covered":0,"skipped":0,"pct":100},"statements":{"total":2,"covered":2,"skipped":0,"pct":100},"branches":{"total":0,"covered":0,"skipped":0,"pct":100}}
,"no-map/WebCartTriggerHandler": {"lines":{"total":16,"covered":13,"skipped":0,"pct":81.25},"functions":{"total":0,"covered":0,"skipped":0,"pct":100},"statements":{"total":16,"covered":13,"skipped":0,"pct":81.25},"branches":{"total":0,"covered":0,"skipped":0,"pct":100}}
,"no-map/WebStorePricebookSelector": {"lines":{"total":4,"covered":4,"skipped":0,"pct":100},"functions":{"total":0,"covered":0,"skipped":0,"pct":100},"statements":{"total":4,"covered":4,"skipped":0,"pct":100},"branches":{"total":0,"covered":0,"skipped":0,"pct":100}}
,"no-map/WebStoreSelector": {"lines":{"total":18,"covered":17,"skipped":0,"pct":94.44},"functions":{"total":0,"covered":0,"skipped":0,"pct":100},"statements":{"total":18,"covered":17,"skipped":0,"pct":94.44},"branches":{"total":0,"covered":0,"skipped":0,"pct":100}}
,"no-map/WishlistSelector": {"lines":{"total":25,"covered":25,"skipped":0,"pct":100},"functions":{"total":0,"covered":0,"skipped":0,"pct":100},"statements":{"total":25,"covered":25,"skipped":0,"pct":100},"branches":{"total":0,"covered":0,"skipped":0,"pct":100}}
}
